<?xml version="1.0" encoding="UTF-8"?>
<!-- Generated by org.testng.reporters.JUnitXMLReporter -->
<testsuite ignored="2" hostname="LAPTOP-MFJ8Q0NV" failures="0" tests="1" name="Default test" time="8.979" errors="0" timestamp="2021-10-29T19:24:45 IST">
  <testcase classname="testcases.WishListTest" name="ClickOnContinue" time="0.709"/>
  <testcase classname="testcases.WishListTest" name="printWishListTable" time="0.0">
    <ignored/>
  </testcase> <!-- printWishListTable -->
  <testcase classname="testcases.WishListTest" name="verifyUserIsOnWishList" time="0.0">
    <ignored/>
  </testcase> <!-- verifyUserIsOnWishList -->
</testsuite> <!-- Default test -->
