<?xml version="1.0" encoding="UTF-8"?>
<!-- Generated by org.testng.reporters.JUnitXMLReporter -->
<testsuite ignored="0" hostname="LAPTOP-MFJ8Q0NV" failures="1" tests="6" name="Test" time="79.02" errors="0" timestamp="2021-10-18T23:00:59 IST">
  <testcase classname="testcases.LoginTest" name="login" time="11.082"/>
  <testcase classname="testcases.MyAccountTest" name="clickDesktopOptions" time="10.96"/>
  <testcase classname="testcases.YourStoreTest" name="verifyShoppingCart" time="12.363"/>
  <testcase classname="testcases.YourStoreTest" name="verifyTitle" time="3.561"/>
  <testcase classname="testcases.RegistrationTest" name="doUserRegistration" time="12.109"/>
  <testcase classname="testcases.RegistrationTest" name="doUserRegistration" time="18.634">
    <failure type="java.lang.NullPointerException">
      <![CDATA[java.lang.NullPointerException
at utilities.TakeScreenShot.getScreenShot(TakeScreenShot.java:18)
at listener.Listener.onTestSuccess(Listener.java:48)
at java.base/java.util.ArrayList.forEach(ArrayList.java:1541)
... Removed 24 stack frames]]>
    </failure>
  </testcase> <!-- doUserRegistration -->
</testsuite> <!-- Test -->
