<?xml version="1.0" encoding="UTF-8"?>
<testng-results ignored="0" total="1" passed="1" failed="0" skipped="0">
  <reporter-output>
  </reporter-output>
  <suite started-at="2021-07-23T01:01:11 IST" name="Default suite" finished-at="2021-07-23T01:01:25 IST" duration-ms="14385">
    <groups>
    </groups>
    <test started-at="2021-07-23T01:01:11 IST" name="Default test" finished-at="2021-07-23T01:01:25 IST" duration-ms="14385">
      <class name="testcases.MyAccountTest">
        <test-method is-config="true" signature="getDriverInstance()[pri:0, instance:testcases.MyAccountTest@4e7912d8]" started-at="2021-07-23T01:01:11 IST" name="getDriverInstance" finished-at="2021-07-23T01:01:15 IST" duration-ms="3973" status="PASS">
          <reporter-output>
          </reporter-output>
        </test-method> <!-- getDriverInstance -->
        <test-method signature="checkDesktopOptions()[pri:0, instance:testcases.MyAccountTest@4e7912d8]" started-at="2021-07-23T01:01:15 IST" name="checkDesktopOptions" finished-at="2021-07-23T01:01:25 IST" duration-ms="10221" status="PASS">
          <reporter-output>
          </reporter-output>
        </test-method> <!-- checkDesktopOptions -->
        <test-method is-config="true" signature="closure()[pri:0, instance:testcases.MyAccountTest@4e7912d8]" started-at="2021-07-23T01:01:25 IST" name="closure" finished-at="2021-07-23T01:01:25 IST" duration-ms="121" status="PASS">
          <reporter-output>
          </reporter-output>
        </test-method> <!-- closure -->
      </class> <!-- testcases.MyAccountTest -->
    </test> <!-- Default test -->
  </suite> <!-- Default suite -->
</testng-results>
